Arguments: 
  C:\Program Files\nodejs\node.exe C:\Program Files (x86)\Yarn\bin\yarn.js add apollo-server

PATH: 
  C:\ProgramData\Oracle\Java\javapath;C:\Program Files (x86)\Intel\iCLS Client\;C:\Program Files\Intel\iCLS Client\;C:\Windows\system32;C:\Windows;C:\Windows\System32\Wbem;C:\Windows\System32\WindowsPowerShell\v1.0\;C:\Program Files (x86)\Windows Live\Shared;C:\Program Files\Intel\Intel(R) Management Engine Components\DAL;C:\Program Files\Intel\Intel(R) Management Engine Components\IPT;C:\Program Files (x86)\Intel\Intel(R) Management Engine Components\DAL;C:\Program Files (x86)\Intel\Intel(R) Management Engine Components\IPT;C:\Program Files (x86)\Intel\OpenCL SDK\2.0\bin\x86;C:\Program Files (x86)\Intel\OpenCL SDK\2.0\bin\x64;C:\Program Files (x86)\Calibre2\;C:\apache-maven-3.3.9\bin;C:\Program Files\Java\jdk1.8.0_101\bin;C:\PortableGit\bin;C:\Windows\system32\config\systemprofile\.dnx\bin;C:\Program Files\Microsoft DNX\Dnvm\;C:\Program Files\Microsoft SQL Server\130\Tools\Binn\;VIVALDI_BIN;C:\Program Files\PuTTY\;C:\Program Files\nodejs\;C:\Program Files (x86)\Yarn\bin\;C:\Program Files\Microsoft VS Code\bin;C:\Program Files\MongoDB\Server\3.4\bin;C:\Users\THENET\AppData\Local\Vivaldi\Application;C:\Program Files\Microsoft VS Code\bin;C:\oc;C:\Users\THENET\AppData\Roaming\npm;C:\Users\THENET\AppData\Local\Yarn\bin;C:\Program Files\heroku\bin

Yarn version: 
  1.9.2

Node version: 
  8.11.3

Platform: 
  win32 x64

Trace: 
  SyntaxError: C:\dev\projects\graphql-exercises\package.json: Unexpected token } in JSON at position 215
      at JSON.parse (<anonymous>)
      at C:\Program Files (x86)\Yarn\lib\cli.js:1130:59
      at Generator.next (<anonymous>)
      at step (C:\Program Files (x86)\Yarn\lib\cli.js:92:30)
      at C:\Program Files (x86)\Yarn\lib\cli.js:103:13
      at <anonymous>

npm manifest: 
  {
    "name": "graphql-exercises",
    "version": "1.0.0",
    "main": "server.js",
    "repository": "https://github.com/thenet84/graphql-exercises.git",
    "author": "diglesib <the.net.wo@gmail.com>",
    "license": "MIT",
  
  }

yarn manifest: 
  No manifest

Lockfile: 
  No lockfile
